<?xml version="1.0" encoding="UTF-8"?>
<testsuites name="Login" time="42.949" tests="4" failures="0" errors="0">
   <testsuite name="Login" tests="4" failures="0" errors="0" time="42.949" skipped="0" timestamp="2023-03-21 14:06:18" hostname="Mazway - DESKTOP-67I0FRQ" id="Test Suites/Login">
      <properties>
         <property name="deviceName" value=""/>
         <property name="devicePlatform" value=""/>
         <property name="logFolder" value="C:\\Users\\Mazway\\Desktop\\Katalon Studio\\Katalon-Web-SwagLabs\\Reports\\20230321_140613\\Login\\20230321_140613"/>
         <property name="logFiles" value="C:\\Users\\Mazway\\Desktop\\Katalon Studio\\Katalon-Web-SwagLabs\\Reports\\20230321_140613\\Login\\20230321_140613\\execution0.log"/>
         <property name="attachments" value="C:\\Users\\Mazway\\Desktop\\Katalon Studio\\Katalon-Web-SwagLabs\\Reports\\20230321_140613\\Login\\20230321_140613\\standard_user.png, C:\\Users\\Mazway\\Desktop\\Katalon Studio\\Katalon-Web-SwagLabs\\Reports\\20230321_140613\\Login\\20230321_140613\\locked_user.png, C:\\Users\\Mazway\\Desktop\\Katalon Studio\\Katalon-Web-SwagLabs\\Reports\\20230321_140613\\Login\\20230321_140613\\performance_user.png, C:\\Users\\Mazway\\Desktop\\Katalon Studio\\Katalon-Web-SwagLabs\\Reports\\20230321_140613\\Login\\20230321_140613\\problem_user.png"/>
         <property name="hostName" value="Mazway - DESKTOP-67I0FRQ"/>
         <property name="os" value="Windows 10 64bit"/>
         <property name="katalonVersion" value="8.6.0.208"/>
         <property name="browser" value="Chrome 111.0.0.0"/>
         <property name="hostAddress" value="192.168.96.1"/>
         <property name="sessionId" value="3869a2cc583eb5710f32973ec043b8b3"/>
         <property name="seleniumVersion" value="3.141.59"/>
         <property name="proxyInformation" value="ProxyInformation { proxyOption=NO_PROXY, proxyServerType=HTTP, username=, password=********, proxyServerAddress=, proxyServerPort=0, executionList=&quot;&quot;, isApplyToDesiredCapabilities=true }"/>
         <property name="platform" value="Windows 10"/>
      </properties>
      <testcase name="Test Cases/test_Login/Login using standard user" time="11.223" classname="Test Cases/test_Login/Login using standard user" status="PASSED">
         <system-out><![CDATA[2023-03-21 14:06:18 - [TEST_CASE][PASSED] - Test Cases/test_Login/Login using standard user: Test Cases/test_Login/Login using standard user

2023-03-21 14:06:19 - [TEST_STEP][PASSED] - openBrowser(""): Browser is opened with url: ''

2023-03-21 14:06:19 - [MESSAGE][INFO] - Starting 'Chrome' driver

2023-03-21 14:06:19 - [MESSAGE][INFO] - Action delay is set to 0 milliseconds

2023-03-21 14:06:22 - [MESSAGE][PASSED] - Browser is opened with url: ''

2023-03-21 14:06:22 - [TEST_STEP][PASSED] - maximizeWindow(): Current window maximized

2023-03-21 14:06:22 - [MESSAGE][PASSED] - Current window maximized

2023-03-21 14:06:22 - [TEST_STEP][PASSED] - navigateToUrl(Website): Navigate to 'https://www.saucedemo.com/' successfully

2023-03-21 14:06:24 - [MESSAGE][PASSED] - Navigate to 'https://www.saucedemo.com/' successfully

2023-03-21 14:06:24 - [TEST_STEP][PASSED] - setText(findTestObject("Login_pages/input_userName"), Standard_user): Text 'standard_user' is set on object 'Object Repository/Login_pages/input_userName'

2023-03-21 14:06:25 - [MESSAGE][PASSED] - Text 'standard_user' is set on object 'Object Repository/Login_pages/input_userName'

2023-03-21 14:06:25 - [TEST_STEP][PASSED] - setText(findTestObject("Login_pages/input_userPassword"), Password): Text 'secret_sauce' is set on object 'Object Repository/Login_pages/input_userPassword'

2023-03-21 14:06:25 - [MESSAGE][PASSED] - Text 'secret_sauce' is set on object 'Object Repository/Login_pages/input_userPassword'

2023-03-21 14:06:25 - [TEST_STEP][PASSED] - click(findTestObject("Login_pages/loginButton")): Object: 'Object Repository/Login_pages/loginButton' is clicked on

2023-03-21 14:06:26 - [MESSAGE][PASSED] - Object: 'Object Repository/Login_pages/loginButton' is clicked on

2023-03-21 14:06:26 - [TEST_STEP][PASSED] - delay(2): Delayed 2 second(s)

2023-03-21 14:06:28 - [MESSAGE][PASSED] - Delayed 2 second(s)

2023-03-21 14:06:28 - [TEST_STEP][PASSED] - takeScreenshot("standard_user.png"): Taking screenshot successfully

2023-03-21 14:06:28 - [MESSAGE][PASSED] - Taking screenshot successfully
[[ATTACHMENT|C:\\Users\\Mazway\\Desktop\\Katalon Studio\\Katalon-Web-SwagLabs\\Reports\\20230321_140613\\Login\\20230321_140613\\standard_user.png]]

2023-03-21 14:06:28 - [TEST_STEP][PASSED] - closeBrowser(): Browser is closed

2023-03-21 14:06:29 - [MESSAGE][PASSED] - Browser is closed]]></system-out>
         <system-err><![CDATA[]]></system-err>
      </testcase>
      <testcase name="Test Cases/test_Login/Login using locked user" time="8.824" classname="Test Cases/test_Login/Login using locked user" status="PASSED">
         <system-out><![CDATA[2023-03-21 14:06:29 - [TEST_CASE][PASSED] - Test Cases/test_Login/Login using locked user: Test Cases/test_Login/Login using locked user

2023-03-21 14:06:30 - [TEST_STEP][PASSED] - openBrowser(""): Browser is opened with url: ''

2023-03-21 14:06:30 - [MESSAGE][INFO] - Starting 'Chrome' driver

2023-03-21 14:06:30 - [MESSAGE][INFO] - Action delay is set to 0 milliseconds

2023-03-21 14:06:31 - [MESSAGE][PASSED] - Browser is opened with url: ''

2023-03-21 14:06:31 - [TEST_STEP][PASSED] - maximizeWindow(): Current window maximized

2023-03-21 14:06:31 - [MESSAGE][PASSED] - Current window maximized

2023-03-21 14:06:31 - [TEST_STEP][PASSED] - navigateToUrl(Website): Navigate to 'https://www.saucedemo.com/' successfully

2023-03-21 14:06:32 - [MESSAGE][PASSED] - Navigate to 'https://www.saucedemo.com/' successfully

2023-03-21 14:06:32 - [TEST_STEP][PASSED] - setText(findTestObject("Login_pages/input_userName"), Locked_out_user): Text 'locked_out_user' is set on object 'Object Repository/Login_pages/input_userName'

2023-03-21 14:06:33 - [MESSAGE][PASSED] - Text 'locked_out_user' is set on object 'Object Repository/Login_pages/input_userName'

2023-03-21 14:06:33 - [TEST_STEP][PASSED] - setText(findTestObject("Login_pages/input_userPassword"), Password): Text 'secret_sauce' is set on object 'Object Repository/Login_pages/input_userPassword'

2023-03-21 14:06:34 - [MESSAGE][PASSED] - Text 'secret_sauce' is set on object 'Object Repository/Login_pages/input_userPassword'

2023-03-21 14:06:34 - [TEST_STEP][PASSED] - click(findTestObject("Login_pages/loginButton")): Object: 'Object Repository/Login_pages/loginButton' is clicked on

2023-03-21 14:06:34 - [MESSAGE][PASSED] - Object: 'Object Repository/Login_pages/loginButton' is clicked on

2023-03-21 14:06:34 - [TEST_STEP][PASSED] - verifyElementText(findTestObject("Login_pages/errorMessage"), "Epic sadface: Sorry, this user has been locked out."): Actual text and expected text of test object 'Object Repository/Login_pages/errorMessage' are matched.

2023-03-21 14:06:35 - [MESSAGE][PASSED] - Actual text and expected text of test object 'Object Repository/Login_pages/errorMessage' are matched.

2023-03-21 14:06:35 - [TEST_STEP][PASSED] - delay(2): Delayed 2 second(s)

2023-03-21 14:06:37 - [MESSAGE][PASSED] - Delayed 2 second(s)

2023-03-21 14:06:37 - [TEST_STEP][PASSED] - takeScreenshot("locked_user.png"): Taking screenshot successfully

2023-03-21 14:06:37 - [MESSAGE][PASSED] - Taking screenshot successfully
[[ATTACHMENT|C:\\Users\\Mazway\\Desktop\\Katalon Studio\\Katalon-Web-SwagLabs\\Reports\\20230321_140613\\Login\\20230321_140613\\locked_user.png]]

2023-03-21 14:06:37 - [TEST_STEP][PASSED] - closeBrowser(): Browser is closed

2023-03-21 14:06:38 - [MESSAGE][PASSED] - Browser is closed]]></system-out>
         <system-err><![CDATA[]]></system-err>
      </testcase>
      <testcase name="Test Cases/test_Login/Login using problem user" time="12.816" classname="Test Cases/test_Login/Login using problem user" status="PASSED">
         <system-out><![CDATA[2023-03-21 14:06:38 - [TEST_CASE][PASSED] - Test Cases/test_Login/Login using problem user: Test Cases/test_Login/Login using problem user

2023-03-21 14:06:38 - [TEST_STEP][PASSED] - openBrowser(""): Browser is opened with url: ''

2023-03-21 14:06:38 - [MESSAGE][INFO] - Starting 'Chrome' driver

2023-03-21 14:06:38 - [MESSAGE][INFO] - Action delay is set to 0 milliseconds

2023-03-21 14:06:40 - [MESSAGE][PASSED] - Browser is opened with url: ''

2023-03-21 14:06:40 - [TEST_STEP][PASSED] - maximizeWindow(): Current window maximized

2023-03-21 14:06:40 - [MESSAGE][PASSED] - Current window maximized

2023-03-21 14:06:40 - [TEST_STEP][PASSED] - navigateToUrl(Website): Navigate to 'https://www.saucedemo.com/' successfully

2023-03-21 14:06:43 - [MESSAGE][PASSED] - Navigate to 'https://www.saucedemo.com/' successfully

2023-03-21 14:06:43 - [TEST_STEP][PASSED] - setText(findTestObject("Login_pages/input_userName"), Performance_glitch_user): Text 'performance_glitch_user' is set on object 'Object Repository/Login_pages/input_userName'

2023-03-21 14:06:43 - [MESSAGE][PASSED] - Text 'performance_glitch_user' is set on object 'Object Repository/Login_pages/input_userName'

2023-03-21 14:06:43 - [TEST_STEP][PASSED] - setText(findTestObject("Login_pages/input_userPassword"), Password): Text 'secret_sauce' is set on object 'Object Repository/Login_pages/input_userPassword'

2023-03-21 14:06:44 - [MESSAGE][PASSED] - Text 'secret_sauce' is set on object 'Object Repository/Login_pages/input_userPassword'

2023-03-21 14:06:44 - [TEST_STEP][PASSED] - click(findTestObject("Login_pages/loginButton")): Object: 'Object Repository/Login_pages/loginButton' is clicked on

2023-03-21 14:06:50 - [MESSAGE][PASSED] - Object: 'Object Repository/Login_pages/loginButton' is clicked on

2023-03-21 14:06:50 - [TEST_STEP][PASSED] - waitForPageLoad(2): Wait for page load successfully

2023-03-21 14:06:50 - [MESSAGE][PASSED] - Wait for page load successfully

2023-03-21 14:06:50 - [TEST_STEP][PASSED] - takeScreenshot("performance_user.png"): Taking screenshot successfully

2023-03-21 14:06:50 - [MESSAGE][PASSED] - Taking screenshot successfully
[[ATTACHMENT|C:\\Users\\Mazway\\Desktop\\Katalon Studio\\Katalon-Web-SwagLabs\\Reports\\20230321_140613\\Login\\20230321_140613\\performance_user.png]]

2023-03-21 14:06:50 - [TEST_STEP][PASSED] - closeBrowser(): Browser is closed

2023-03-21 14:06:51 - [MESSAGE][PASSED] - Browser is closed]]></system-out>
         <system-err><![CDATA[]]></system-err>
      </testcase>
      <testcase name="Test Cases/test_Login/Login using performance user" time="9.687" classname="Test Cases/test_Login/Login using performance user" status="PASSED">
         <system-out><![CDATA[2023-03-21 14:06:51 - [TEST_CASE][PASSED] - Test Cases/test_Login/Login using performance user: Test Cases/test_Login/Login using performance user

2023-03-21 14:06:51 - [TEST_STEP][PASSED] - openBrowser(""): Browser is opened with url: ''

2023-03-21 14:06:51 - [MESSAGE][INFO] - Starting 'Chrome' driver

2023-03-21 14:06:51 - [MESSAGE][INFO] - Action delay is set to 0 milliseconds

2023-03-21 14:06:53 - [MESSAGE][PASSED] - Browser is opened with url: ''

2023-03-21 14:06:53 - [TEST_STEP][PASSED] - maximizeWindow(): Current window maximized

2023-03-21 14:06:53 - [MESSAGE][PASSED] - Current window maximized

2023-03-21 14:06:53 - [TEST_STEP][PASSED] - navigateToUrl(Website): Navigate to 'https://www.saucedemo.com/' successfully

2023-03-21 14:06:54 - [MESSAGE][PASSED] - Navigate to 'https://www.saucedemo.com/' successfully

2023-03-21 14:06:54 - [TEST_STEP][PASSED] - setText(findTestObject("Login_pages/input_userName"), Problem_user): Text 'problem_user' is set on object 'Object Repository/Login_pages/input_userName'

2023-03-21 14:06:55 - [MESSAGE][PASSED] - Text 'problem_user' is set on object 'Object Repository/Login_pages/input_userName'

2023-03-21 14:06:55 - [TEST_STEP][PASSED] - setText(findTestObject("Login_pages/input_userPassword"), Password): Text 'secret_sauce' is set on object 'Object Repository/Login_pages/input_userPassword'

2023-03-21 14:06:56 - [MESSAGE][PASSED] - Text 'secret_sauce' is set on object 'Object Repository/Login_pages/input_userPassword'

2023-03-21 14:06:56 - [TEST_STEP][PASSED] - click(findTestObject("Login_pages/loginButton")): Object: 'Object Repository/Login_pages/loginButton' is clicked on

2023-03-21 14:06:56 - [MESSAGE][PASSED] - Object: 'Object Repository/Login_pages/loginButton' is clicked on

2023-03-21 14:06:56 - [TEST_STEP][PASSED] - verifyImagePresent(findTestObject("Product_pages/imgError")): Image: 'C:\Users\Mazway\Desktop\Katalon Studio\Katalon-Web-SwagLabs\Screenshots/Targets/Page_Swag Labs/imgError.png' is present

2023-03-21 14:06:57 - [MESSAGE][PASSED] - Image: 'C:\Users\Mazway\Desktop\Katalon Studio\Katalon-Web-SwagLabs\Screenshots/Targets/Page_Swag Labs/imgError.png' is present

2023-03-21 14:06:57 - [TEST_STEP][PASSED] - delay(2): Delayed 2 second(s)

2023-03-21 14:06:59 - [MESSAGE][PASSED] - Delayed 2 second(s)

2023-03-21 14:06:59 - [TEST_STEP][PASSED] - takeScreenshot("problem_user.png"): Taking screenshot successfully

2023-03-21 14:07:00 - [MESSAGE][PASSED] - Taking screenshot successfully
[[ATTACHMENT|C:\\Users\\Mazway\\Desktop\\Katalon Studio\\Katalon-Web-SwagLabs\\Reports\\20230321_140613\\Login\\20230321_140613\\problem_user.png]]

2023-03-21 14:07:00 - [TEST_STEP][PASSED] - closeBrowser(): Browser is closed

2023-03-21 14:07:01 - [MESSAGE][PASSED] - Browser is closed]]></system-out>
         <system-err><![CDATA[]]></system-err>
      </testcase>
      <system-out><![CDATA[2023-03-21 14:06:18 - [TEST_SUITE][PASSED] - Login: Test Cases/test_Login/Login using performance user]]></system-out>
      <system-err><![CDATA[]]></system-err>
   </testsuite>
</testsuites>
